--- Startup times for process: Primary/TUI ---

times in msec
 clock   self+sourced   self:  sourced script
 clock   elapsed:              other lines

000.002  000.002: --- NVIM STARTING ---
000.112  000.109: event init
000.313  000.201: early init
000.810  000.497: locale set
000.851  000.041: init first window
001.261  000.410: inits 1
001.271  000.010: window checked
001.272  000.002: parsing arguments
001.762  000.042  000.042: require('vim.shared')
001.843  000.042  000.042: require('vim.inspect')
001.886  000.032  000.032: require('vim._options')
001.888  000.122  000.048: require('vim._editor')
001.889  000.238  000.074: require('vim._init_packages')
001.891  000.381: init lua interpreter
002.418  000.527: --- NVIM STARTED ---

--- Startup times for process: Embedded ---

times in msec
 clock   self+sourced   self:  sourced script
 clock   elapsed:              other lines

000.000  000.000: --- NVIM STARTING ---
000.071  000.070: event init
000.181  000.111: early init
000.512  000.331: locale set
000.536  000.024: init first window
000.761  000.225: inits 1
000.776  000.015: window checked
000.777  000.001: parsing arguments
001.056  000.021  000.021: require('vim.shared')
001.104  000.024  000.024: require('vim.inspect')
001.129  000.019  000.019: require('vim._options')
001.130  000.072  000.029: require('vim._editor')
001.131  000.130  000.037: require('vim._init_packages')
001.132  000.224: init lua interpreter
002.829  001.698: expanding arguments
002.874  000.045: inits 2
003.116  000.242: init highlight
003.117  000.001: waiting for UI
003.244  000.127: done waiting for UI
003.249  000.004: clear screen
003.293  000.004  000.004: require('vim.keymap')
003.694  000.443  000.439: require('vim._defaults')
003.695  000.003: init default mappings & autocommands
004.496  000.033  000.033: sourcing /opt/homebrew/Cellar/neovim/0.10.2_1/share/nvim/runtime/ftplugin.vim
004.589  000.016  000.016: sourcing /opt/homebrew/Cellar/neovim/0.10.2_1/share/nvim/runtime/indent.vim
005.942  001.051  001.051: require('vim-config')
006.144  000.200  000.200: require('lazy')
006.178  000.022  000.022: require('ffi')
006.310  000.093  000.093: require('vim.fs')
006.475  000.158  000.158: require('vim.uri')
006.483  000.303  000.052: require('vim.loader')
006.832  000.325  000.325: require('lazy.stats')
007.026  000.165  000.165: require('lazy.core.util')
007.166  000.139  000.139: require('lazy.core.config')
007.340  000.070  000.070: require('lazy.core.handler')
007.713  000.150  000.150: require('lazy.pkg')
007.717  000.262  000.112: require('lazy.core.meta')
007.721  000.380  000.119: require('lazy.core.plugin')
007.726  000.559  000.109: require('lazy.core.loader')
008.104  000.097  000.097: require('lazy.core.fragments')
010.478  000.096  000.096: require('lazy.core.handler.event')
010.481  000.250  000.154: require('lazy.core.handler.ft')
010.588  000.105  000.105: require('lazy.core.handler.keys')
010.668  000.077  000.077: require('lazy.core.handler.cmd')
011.371  000.420  000.420: sourcing /opt/homebrew/Cellar/neovim/0.10.2_1/share/nvim/runtime/filetype.lua
012.260  000.776  000.776: require('catppuccin')
012.648  000.084  000.084: require('catppuccin.lib.hashing')
015.230  001.414  001.414: sourcing /Users/brenden.croft/.local/share/nvim/lazy/catppuccin/colors/catppuccin.vim
015.882  000.191  000.191: require('vim.lsp.log')
016.558  000.671  000.671: require('vim.lsp.protocol')
016.892  000.135  000.135: require('vim.lsp._snippet_grammar')
016.974  000.081  000.081: require('vim.highlight')
016.979  000.003  000.003: require('vim.F')
016.989  000.426  000.207: require('vim.lsp.util')
017.159  000.098  000.098: require('vim.lsp.sync')
017.162  000.172  000.074: require('vim.lsp._changetracking')
017.259  000.096  000.096: require('vim.lsp.rpc')
017.345  002.065  000.510: require('vim.lsp')
017.536  000.189  000.189: require('vim.lsp.handlers')
018.690  000.135  000.135: require('lualine_require')
018.991  001.278  001.143: require('lualine')
020.525  000.118  000.118: require('lualine.utils.mode')
023.694  000.024  000.024: sourcing /Users/brenden.croft/.local/share/nvim/lazy/plenary.nvim/plugin/plenary.vim
024.017  000.130  000.130: sourcing /Users/brenden.croft/.local/share/nvim/lazy/telescope.nvim/plugin/telescope.lua
024.615  000.554  000.554: require('telescope.builtin')
024.747  000.084  000.084: require('telescope._extensions')
024.749  002.361  001.570: require('telescope')
024.823  000.073  000.073: require('telescope.themes')
025.188  000.081  000.081: require('plenary.bit')
025.245  000.056  000.056: require('plenary.functional')
025.266  000.235  000.098: require('plenary.path')
025.273  000.359  000.123: require('plenary.strings')
025.328  000.053  000.053: require('telescope.deprecated')
025.588  000.135  000.135: require('plenary.log')
025.698  000.296  000.161: require('telescope.log')
026.056  000.095  000.095: require('plenary.compat')
026.063  000.209  000.114: require('plenary.job')
026.137  000.073  000.073: require('telescope.state')
026.141  000.443  000.161: require('telescope.utils')
026.146  000.817  000.079: require('telescope.sorters')
027.194  002.365  001.136: require('telescope.config')
028.031  000.151  000.151: require('telescope._extensions.ui-select')
028.988  000.057  000.057: require('plenary.tbl')
028.991  000.150  000.093: require('plenary.vararg.rotate')
028.992  000.299  000.149: require('plenary.vararg')
029.049  000.057  000.057: require('plenary.errors')
029.052  000.598  000.242: require('plenary.async.async')
029.302  000.059  000.059: require('plenary.async.structs')
029.305  000.130  000.071: require('plenary.async.control')
029.309  000.188  000.059: require('plenary.async.util')
029.310  000.258  000.069: require('plenary.async.tests')
029.312  001.120  000.265: require('plenary.async')
029.483  000.101  000.101: require('plenary.window.border')
029.591  000.107  000.107: require('plenary.window')
029.643  000.051  000.051: require('plenary.popup.utils')
029.645  000.333  000.072: require('plenary.popup')
029.828  000.059  000.059: require('telescope.pickers.scroller')
029.884  000.056  000.056: require('telescope.actions.state')
029.942  000.057  000.057: require('telescope.actions.utils')
030.061  000.060  000.060: require('telescope.actions.mt')
030.068  000.125  000.065: require('telescope.actions.set')
030.180  000.060  000.060: require('telescope.config.resolve')
030.182  000.113  000.054: require('telescope.pickers.entry_display')
030.239  000.057  000.057: require('telescope.from_entry')
030.479  000.833  000.367: require('telescope.actions')
030.543  000.063  000.063: require('telescope.debounce')
030.675  000.131  000.131: require('telescope.mappings')
030.737  000.061  000.061: require('telescope.pickers.highlights')
030.790  000.052  000.052: require('telescope.pickers.window')
030.945  000.058  000.058: require('telescope.algos.linked_list')
030.947  000.156  000.099: require('telescope.entry_manager')
031.000  000.052  000.052: require('telescope.pickers.multi')
031.009  002.970  000.169: require('telescope.pickers')
031.170  000.104  000.104: require('telescope.make_entry')
031.227  000.056  000.056: require('telescope.finders.async_static_finder')
031.442  000.057  000.057: require('plenary.class')
031.521  000.232  000.175: require('telescope._')
031.522  000.294  000.062: require('telescope.finders.async_oneshot_finder')
031.588  000.064  000.064: require('telescope.finders.async_job_finder')
031.590  000.581  000.062: require('telescope.finders')
031.668  000.068  000.068: require('vim.ui')
034.364  001.371  001.371: require('cmp.utils.api')
034.851  000.228  000.228: require('cmp.types.cmp')
035.325  000.257  000.257: require('cmp.utils.misc')
035.343  000.492  000.235: require('cmp.types.lsp')
035.542  000.197  000.197: require('cmp.types.vim')
035.543  001.176  000.259: require('cmp.types')
035.754  000.210  000.210: require('cmp.utils.highlight')
036.159  000.198  000.198: require('cmp.utils.debug')
036.166  000.410  000.213: require('cmp.utils.autocmd')
036.392  003.828  000.661: sourcing /Users/brenden.croft/.local/share/nvim/lazy/nvim-cmp/plugin/cmp.lua
037.320  000.247  000.247: require('cmp.utils.char')
037.324  000.439  000.192: require('cmp.utils.str')
037.985  000.224  000.224: require('cmp.utils.buffer')
037.993  000.481  000.257: require('cmp.utils.keymap')
037.994  000.669  000.188: require('cmp.utils.feedkeys')
038.732  000.287  000.287: require('cmp.config.mapping')
038.944  000.211  000.211: require('cmp.utils.cache')
039.386  000.229  000.229: require('cmp.config.compare')
039.387  000.441  000.212: require('cmp.config.default')
039.399  001.187  000.248: require('cmp.config')
039.406  001.411  000.224: require('cmp.utils.async')
039.830  000.217  000.217: require('cmp.utils.pattern')
039.833  000.426  000.208: require('cmp.context')
040.645  000.297  000.297: require('cmp.utils.snippet')
040.967  000.279  000.279: require('cmp.matcher')
040.974  000.915  000.340: require('cmp.entry')
040.982  001.149  000.233: require('cmp.source')
041.690  000.227  000.227: require('cmp.utils.event')
042.351  000.223  000.223: require('cmp.utils.options')
042.354  000.455  000.232: require('cmp.utils.window')
042.355  000.664  000.208: require('cmp.view.docs_view')
042.607  000.251  000.251: require('cmp.view.custom_entries_view')
042.843  000.234  000.234: require('cmp.view.wildmenu_entries_view')
043.055  000.212  000.212: require('cmp.view.native_entries_view')
043.414  000.357  000.357: require('cmp.view.ghost_text_view')
043.420  002.438  000.492: require('cmp.view')
043.951  007.286  000.755: require('cmp.core')
044.239  000.222  000.222: require('cmp.config.sources')
044.499  000.259  000.259: require('cmp.config.window')
044.532  008.112  000.345: require('cmp')
047.327  001.225  001.225: require('vim.filetype')
048.517  000.195  000.195: require('luasnip.util.types')
048.519  000.412  000.216: require('luasnip.util.ext_opts')
049.127  000.203  000.203: require('luasnip.util.lazy_table')
049.343  000.216  000.216: require('luasnip.extras.filetype_functions')
049.348  000.620  000.201: require('luasnip.default_config')
049.350  000.830  000.210: require('luasnip.session')
049.352  001.863  000.622: require('luasnip.config')
049.830  000.229  000.229: require('luasnip.util.util')
050.286  000.212  000.212: require('luasnip.nodes.key_indexer')
050.565  000.278  000.278: require('luasnip.util.feedkeys')
050.568  000.737  000.246: require('luasnip.nodes.util')
051.015  000.234  000.234: require('luasnip.session.snippet_collection.source')
051.219  000.203  000.203: require('luasnip.util.table')
051.430  000.210  000.210: require('luasnip.util.auto_table')
051.433  000.864  000.217: require('luasnip.session.snippet_collection')
052.096  000.213  000.213: require('luasnip.util.select')
052.623  000.526  000.526: require('luasnip.util.time')
052.822  001.146  000.406: require('luasnip.util._builtin_vars')
052.933  001.499  000.354: require('luasnip.util.environ')
053.155  000.221  000.221: require('luasnip.util.extend_decorator')
053.654  000.246  000.246: require('luasnip.util.path')
054.277  000.405  000.405: require('luasnip.util.log')
054.280  000.625  000.220: require('luasnip.loaders.util')
054.517  000.236  000.236: require('luasnip.loaders.data')
054.765  000.247  000.247: require('luasnip.loaders.fs_watchers')
054.766  001.611  000.257: require('luasnip.loaders')
054.775  005.421  000.260: require('luasnip')
054.785  008.895  000.386: sourcing /Users/brenden.croft/.local/share/nvim/lazy/LuaSnip/plugin/luasnip.lua
055.021  000.020  000.020: sourcing /Users/brenden.croft/.local/share/nvim/lazy/LuaSnip/plugin/luasnip.vim
055.455  000.212  000.212: require('luasnip.session.enqueueable_operations')
056.348  000.204  000.204: require('luasnip.util.events')
056.353  000.427  000.223: require('luasnip.nodes.node')
056.617  000.263  000.263: require('luasnip.nodes.insertNode')
056.869  000.250  000.250: require('luasnip.nodes.textNode')
057.066  000.197  000.197: require('luasnip.util.mark')
057.307  000.239  000.239: require('luasnip.util.pattern_tokenizer')
057.504  000.196  000.196: require('luasnip.util.dict')
059.786  002.072  002.072: require('luasnip.util.jsregexp')
059.788  002.282  000.211: require('luasnip.nodes.util.trig_engines')
059.834  004.118  000.263: require('luasnip.nodes.snippet')
060.481  000.210  000.210: require('luasnip.util.parser.neovim_ast')
060.699  000.217  000.217: require('luasnip.util.str')
061.063  000.363  000.363: require('luasnip.util.jsregexp')
061.555  000.490  000.490: require('luasnip.util.directed_graph')
061.557  001.505  000.225: require('luasnip.util.parser.ast_utils')
061.776  000.218  000.218: require('luasnip.nodes.functionNode')
062.034  000.257  000.257: require('luasnip.nodes.choiceNode')
062.262  000.227  000.227: require('luasnip.nodes.dynamicNode')
062.471  000.208  000.208: require('luasnip.util.functions')
062.474  002.639  000.223: require('luasnip.util.parser.ast_parser')
062.725  000.251  000.251: require('luasnip.util.parser.neovim_parser')
062.729  007.273  000.265: require('luasnip.util.parser')
062.930  000.200  000.200: require('luasnip.nodes.snippetProxy')
063.182  000.251  000.251: require('luasnip.util.jsonc')
063.602  000.206  000.206: require('luasnip.nodes.duplicate')
063.603  000.419  000.213: require('luasnip.loaders.snippet_cache')
063.607  019.074  001.804: require('luasnip.loaders.from_vscode')
069.304  000.314  000.314: require('luasnip.nodes.multiSnippet')
071.781  000.073  000.073: require('null-ls.utils.tbl_flatten')
071.792  000.205  000.132: require('null-ls.utils')
072.053  000.259  000.259: require('vim.diagnostic')
072.088  000.582  000.118: require('null-ls.config')
072.255  000.061  000.061: require('null-ls.helpers.cache')
072.332  000.076  000.076: require('null-ls.helpers.diagnostics')
072.387  000.055  000.055: require('null-ls.helpers.formatter_factory')
072.544  000.078  000.078: require('null-ls.logger')
072.655  000.110  000.110: require('null-ls.state')
072.657  000.269  000.081: require('null-ls.helpers.generator_factory')
072.791  000.066  000.066: require('null-ls.helpers.command_resolver')
072.792  000.134  000.068: require('null-ls.helpers.make_builtin')
072.883  000.091  000.091: require('null-ls.helpers.range_formatting_args_factory')
072.884  000.795  000.110: require('null-ls.helpers')
073.156  000.119  000.119: require('null-ls.methods')
073.159  000.200  000.081: require('null-ls.diagnostics')
073.163  000.278  000.078: require('null-ls.sources')
073.284  000.120  000.120: require('null-ls.builtins')
073.286  002.246  000.471: require('null-ls')
073.380  000.093  000.093: require('null-ls.builtins.formatting.stylua')
073.602  000.220  000.220: require('null-ls.builtins.formatting.prettier')
074.170  000.099  000.099: require('null-ls.loop')
074.179  000.223  000.124: require('null-ls.client')
074.310  000.120  000.120: require('vim.lsp.buf')
075.468  000.205  000.205: require('harpoon.utils')
075.470  000.413  000.208: require('harpoon.logger')
076.119  000.211  000.211: require('harpoon.autocmd')
076.121  000.423  000.212: require('harpoon.buffer')
076.364  000.242  000.242: require('harpoon.extensions')
076.367  000.896  000.231: require('harpoon.ui')
076.593  000.225  000.225: require('harpoon.data')
076.934  000.341  000.341: require('harpoon.config')
077.294  000.359  000.359: require('harpoon.list')
080.563  006.183  003.949: require('harpoon')
081.238  000.084  000.084: sourcing /Users/brenden.croft/.local/share/nvim/lazy/vim-commentary/plugin/commentary.vim
083.126  000.305  000.305: require('nvim-treesitter.utils')
083.633  000.058  000.058: require('vim.treesitter.language')
083.684  000.050  000.050: require('vim.func')
083.742  000.054  000.054: require('vim.func._memoize')
083.750  000.243  000.082: require('vim.treesitter.query')
083.803  000.053  000.053: require('vim.treesitter._range')
083.809  000.378  000.082: require('vim.treesitter.languagetree')
083.812  000.448  000.070: require('vim.treesitter')
084.266  001.137  000.689: require('nvim-treesitter.parsers')
084.560  000.052  000.052: require('nvim-treesitter.compat')
084.677  000.062  000.062: require('nvim-treesitter.ts_utils')
084.680  000.118  000.056: require('nvim-treesitter.tsrange')
084.729  000.049  000.049: require('nvim-treesitter.caching')
084.758  000.316  000.097: require('nvim-treesitter.query')
084.764  000.430  000.114: require('nvim-treesitter.configs')
084.766  000.499  000.069: require('nvim-treesitter.info')
084.849  000.082  000.082: require('nvim-treesitter.shell_command_selectors')
084.861  002.262  000.239: require('nvim-treesitter.install')
084.915  000.053  000.053: require('nvim-treesitter.statusline')
084.973  000.057  000.057: require('nvim-treesitter.query_predicates')
084.974  003.063  000.691: require('nvim-treesitter')
085.369  003.551  000.488: sourcing /Users/brenden.croft/.local/share/nvim/lazy/nvim-treesitter/plugin/nvim-treesitter.lua
085.572  000.060  000.060: require('nvim-treesitter.indent')
085.641  000.059  000.059: require('nvim-treesitter.highlight')
086.291  000.067  000.067: require('nvim-tree.log')
086.494  000.077  000.077: require('nvim-tree.notify')
086.496  000.132  000.055: require('nvim-tree.events')
086.610  000.050  000.050: require('nvim-tree.iterators.node-iterator')
086.634  000.137  000.086: require('nvim-tree.utils')
086.639  000.348  000.079: require('nvim-tree.view')
086.852  000.054  000.054: require('nvim-tree.core')
086.966  000.056  000.056: require('nvim-tree.git.utils')
087.019  000.052  000.052: require('nvim-tree.renderer.components.devicons')
087.125  000.053  000.053: require('nvim-tree.classic')
087.128  000.108  000.055: require('nvim-tree.node')
087.131  000.278  000.062: require('nvim-tree.node.directory')
087.132  000.386  000.054: require('nvim-tree.actions.finders.find-file')
087.186  000.053  000.053: require('nvim-tree.actions.finders.search-node')
087.187  000.493  000.054: require('nvim-tree.actions.finders')
087.398  000.105  000.105: require('nvim-tree.node.file')
087.399  000.161  000.056: require('nvim-tree.actions.fs.create-file')
087.509  000.054  000.054: require('nvim-tree.lib')
087.614  000.049  000.049: require('nvim-tree.node.link')
087.618  000.107  000.058: require('nvim-tree.node.directory-link')
087.619  000.220  000.058: require('nvim-tree.actions.fs.remove-file')
087.675  000.055  000.055: require('nvim-tree.actions.fs.rename-file')
087.730  000.054  000.054: require('nvim-tree.actions.fs.trash')
087.731  000.543  000.054: require('nvim-tree.actions.fs')
087.898  000.053  000.053: require('nvim-tree.diagnostics')
087.900  000.115  000.063: require('nvim-tree.actions.moves.item')
087.950  000.049  000.049: require('nvim-tree.actions.moves.parent')
087.999  000.049  000.049: require('nvim-tree.actions.moves.sibling')
088.000  000.268  000.056: require('nvim-tree.actions.moves')
088.102  000.051  000.051: require('nvim-tree.actions.node.file-popup')
088.198  000.095  000.095: require('nvim-tree.actions.node.open-file')
088.248  000.049  000.049: require('nvim-tree.actions.node.run-command')
088.301  000.052  000.052: require('nvim-tree.actions.node.system-open')
088.302  000.301  000.055: require('nvim-tree.actions.node')
088.403  000.051  000.051: require('nvim-tree.actions.root.change-dir')
088.452  000.048  000.048: require('nvim-tree.actions.root.dir-up')
088.452  000.150  000.052: require('nvim-tree.actions.root')
088.556  000.053  000.053: require('nvim-tree.actions.tree.find-file')
088.665  000.050  000.050: require('nvim-tree.actions.tree.modifiers.collapse-all')
088.717  000.051  000.051: require('nvim-tree.actions.tree.modifiers.expand-all')
088.718  000.161  000.060: require('nvim-tree.actions.tree.modifiers')
088.767  000.049  000.049: require('nvim-tree.actions.tree.open')
088.816  000.047  000.047: require('nvim-tree.actions.tree.toggle')
088.864  000.047  000.047: require('nvim-tree.actions.tree.resize')
088.865  000.412  000.055: require('nvim-tree.actions.tree')
088.866  002.225  000.058: require('nvim-tree.actions')
088.878  003.164  000.524: require('nvim-tree')
088.956  000.053  000.053: require('nvim-tree.legacy')
089.513  000.069  000.069: require('nvim-tree.keymap')
089.588  000.074  000.074: require('nvim-tree.appearance')
089.894  000.051  000.051: require('nvim-tree.buffers')
090.021  000.059  000.059: require('nvim-tree.git.runner')
090.082  000.059  000.059: require('nvim-tree.watcher')
090.084  000.190  000.072: require('nvim-tree.git')
090.203  000.065  000.065: require('nvim-tree.node.file-link')
090.204  000.119  000.054: require('nvim-tree.node.factory')
090.296  000.091  000.091: require('nvim-tree.node.root')
090.407  000.052  000.052: require('nvim-tree.enum')
090.441  000.144  000.092: require('nvim-tree.explorer.filters')
090.545  000.103  000.103: require('nvim-tree.marks')
090.636  000.090  000.090: require('nvim-tree.explorer.live-filter')
090.706  000.070  000.070: require('nvim-tree.explorer.sorter')
090.776  000.069  000.069: require('nvim-tree.actions.fs.clipboard')
091.013  000.057  000.057: require('nvim-tree.renderer.decorator')
091.015  000.117  000.059: require('nvim-tree.renderer.decorator.bookmarks')
091.068  000.052  000.052: require('nvim-tree.renderer.decorator.copied')
091.122  000.053  000.053: require('nvim-tree.renderer.decorator.cut')
091.178  000.055  000.055: require('nvim-tree.renderer.decorator.diagnostics')
091.242  000.063  000.063: require('nvim-tree.renderer.decorator.git')
091.296  000.053  000.053: require('nvim-tree.renderer.decorator.modified')
091.347  000.051  000.051: require('nvim-tree.renderer.decorator.hidden')
091.397  000.049  000.049: require('nvim-tree.renderer.decorator.opened')
091.448  000.051  000.051: require('nvim-tree.renderer.components.padding')
091.451  000.616  000.072: require('nvim-tree.renderer.builder')
091.454  000.677  000.061: require('nvim-tree.renderer')
091.458  001.699  000.096: require('nvim-tree.explorer')
091.515  000.056  000.056: require('nvim-tree.explorer.watch')
091.634  000.061  000.061: require('nvim-tree.renderer.components.full-name')
091.636  000.117  000.056: require('nvim-tree.renderer.components')
091.993  000.025  000.025: sourcing /Users/brenden.croft/.local/share/nvim/lazy/nvim-web-devicons/plugin/nvim-web-devicons.vim
093.384  001.257  001.257: require('nvim-web-devicons.icons-default')
093.500  001.863  000.581: require('nvim-web-devicons')
108.306  000.173  000.173: require('nvim-tree.help')
108.537  000.105  000.105: require('nvim-tree.appearance.hi-test')
108.586  000.276  000.171: require('nvim-tree.api')
108.714  000.104  000.104: require('nvim-tree.commands')
109.605  000.527  000.527: sourcing /Users/brenden.croft/.local/share/nvim/lazy/vim-fugitive/plugin/fugitive.vim
109.807  000.006  000.006: sourcing /Users/brenden.croft/.local/share/nvim/lazy/vim-fugitive/ftdetect/fugitive.vim
123.494  004.488  004.488: require('mason-core.path')
126.995  001.592  001.592: require('mason-core.functional')
129.930  001.547  001.547: require('mason-core.functional.data')
129.937  002.923  001.376: require('mason-core.functional.function')
131.483  001.529  001.529: require('mason-core.functional.relation')
132.900  001.409  001.409: require('mason-core.functional.logic')
132.913  009.416  001.962: require('mason-core.platform')
134.229  001.316  001.316: require('mason.settings')
134.231  023.993  008.774: require('mason')
137.244  001.539  001.539: require('mason-core.functional.list')
138.684  001.437  001.437: require('mason-core.functional.string')
138.703  004.461  001.485: require('mason.api.command')
140.085  001.375  001.375: require('mason-registry.sources')
142.254  002.040  002.040: require('alpha')
143.731  001.475  001.475: require('alpha.themes.dashboard')
147.312  001.483  001.483: require('mason-core.log')
148.601  001.287  001.287: require('mason-lspconfig.settings')
148.603  004.708  001.938: require('mason-lspconfig')
151.559  001.508  001.508: require('mason-lspconfig.notify')
151.563  002.927  001.419: require('mason-lspconfig.lspconfig_hook')
152.770  000.674  000.674: require('lspconfig.util')
152.783  000.764  000.090: sourcing /Users/brenden.croft/.local/share/nvim/lazy/nvim-lspconfig/plugin/lspconfig.lua
153.095  000.098  000.098: require('lspconfig.async')
153.097  000.199  000.101: require('lspconfig.configs')
153.102  000.294  000.095: require('lspconfig')
153.183  000.079  000.079: require('lspconfig.configs.lua_ls')
153.394  000.086  000.086: require('lspconfig.manager')
153.477  000.081  000.081: require('lspconfig.configs.ts_ls')
153.715  000.104  000.104: require('lspconfig.configs.eslint')
153.941  000.078  000.078: require('lspconfig.configs.jsonls')
154.132  000.081  000.081: require('lspconfig.configs.html')
154.577  000.137  000.137: require('lspconfig.configs.cssls')
154.886  000.108  000.108: require('lspconfig.configs.dotls')
155.146  000.121  000.121: require('lspconfig.configs.gopls')
155.403  000.114  000.114: require('lspconfig.configs.graphql')
155.649  000.109  000.109: require('lspconfig.configs.marksman')
155.850  000.115  000.115: require('lspconfig.configs.intelephense')
156.094  000.127  000.127: require('lspconfig.configs.pylsp')
156.366  000.164  000.164: require('lspconfig.configs.rust_analyzer')
156.659  000.174  000.174: require('lspconfig.configs.vuels')
156.938  000.150  000.150: require('lspconfig.configs.dockerls')
157.198  000.145  000.145: require('lspconfig.configs.docker_compose_language_service')
157.409  000.134  000.134: require('lspconfig.configs.bashls')
157.602  000.104  000.104: require('lspconfig.configs.sqlls')
157.770  006.207  002.941: require('lspconfig.util')
161.829  001.591  001.591: require('mason-core.functional.table')
161.885  004.113  002.521: require('mason-lspconfig.mappings.server')
164.844  001.408  001.408: require('mason-core.EventEmitter')
166.251  001.406  001.406: require('mason-core.optional')
169.076  001.438  001.438: require('mason-core.async')
170.387  001.309  001.309: require('mason-core.async.uv')
170.391  004.139  001.391: require('mason-core.fs')
170.407  008.521  001.568: require('mason-registry')
171.718  001.309  001.309: require('mason-lspconfig.server_config_extensions')
173.215  001.496  001.496: require('lspconfig.configs.omnisharp')
174.716  001.481  001.481: require('mason-lspconfig.ensure_installed')
177.756  001.509  001.509: require('mason-core.result')
182.183  001.537  001.537: require('mason-core.process')
183.876  001.691  001.691: require('mason-core.spawn')
183.878  004.656  001.428: require('mason-core.managers.powershell')
185.181  001.302  001.302: require('mason.version')
185.184  007.427  001.468: require('mason-core.fetch')
186.735  001.550  001.550: require('mason-core.providers')
191.297  001.578  001.578: require('mason-core.purl')
191.305  003.107  001.528: require('mason-core.package')
196.021  001.623  001.623: require('mason-core.installer.registry.expr')
196.028  003.188  001.565: require('mason-core.installer.registry.link')
204.147  001.656  001.656: require('mason-core.receipt')
204.163  003.292  001.637: require('mason-core.installer.context')
205.751  001.586  001.586: require('mason-core.async.control')
207.387  001.634  001.634: require('mason-core.installer.linker')
207.391  008.144  001.631: require('mason-core.installer')
207.402  009.783  001.640: require('mason-core.installer.managers.std')
207.404  011.375  001.592: require('mason-core.installer.registry.schemas')
209.006  001.601  001.601: require('mason-core.installer.registry.util')
209.013  017.707  001.544: require('mason-core.installer.registry')
209.015  022.279  001.465: require('mason-registry.sources.util')
209.022  034.261  001.497: require('mason-registry.sources.github')
215.014  001.749  001.749: require('mason-core.functional.number')
215.030  003.509  001.760: require('mason-lspconfig.api.command')
215.886  000.093  000.093: require('gitsigns.async')
215.977  000.088  000.088: require('gitsigns.debug.log')
216.101  000.122  000.122: require('gitsigns.config')
216.104  000.994  000.691: require('gitsigns')
216.345  000.124  000.124: require('gitsigns.highlight')
216.728  000.075  000.075: require('gitsigns.debounce')
217.633  000.225  000.225: sourcing /opt/homebrew/Cellar/neovim/0.10.2_1/share/nvim/runtime/plugin/editorconfig.lua
217.962  000.109  000.109: sourcing /opt/homebrew/Cellar/neovim/0.10.2_1/share/nvim/runtime/plugin/gzip.vim
218.406  000.221  000.221: sourcing /opt/homebrew/Cellar/neovim/0.10.2_1/share/nvim/runtime/plugin/man.lua
220.441  000.144  000.144: sourcing /opt/homebrew/Cellar/neovim/0.10.2_1/share/nvim/runtime/pack/dist/opt/matchit/plugin/matchit.vim
220.468  001.814  001.670: sourcing /opt/homebrew/Cellar/neovim/0.10.2_1/share/nvim/runtime/plugin/matchit.vim
220.835  000.113  000.113: sourcing /opt/homebrew/Cellar/neovim/0.10.2_1/share/nvim/runtime/plugin/matchparen.vim
221.279  000.185  000.185: sourcing /opt/homebrew/Cellar/neovim/0.10.2_1/share/nvim/runtime/plugin/netrwPlugin.vim
221.721  000.218  000.218: sourcing /opt/homebrew/Cellar/neovim/0.10.2_1/share/nvim/runtime/plugin/osc52.lua
222.066  000.113  000.113: sourcing /opt/homebrew/Cellar/neovim/0.10.2_1/share/nvim/runtime/plugin/rplugin.vim
222.352  000.046  000.046: sourcing /opt/homebrew/Cellar/neovim/0.10.2_1/share/nvim/runtime/plugin/shada.vim
222.595  000.014  000.014: sourcing /opt/homebrew/Cellar/neovim/0.10.2_1/share/nvim/runtime/plugin/spellfile.vim
222.877  000.060  000.060: sourcing /opt/homebrew/Cellar/neovim/0.10.2_1/share/nvim/runtime/plugin/tarPlugin.vim
223.315  000.211  000.211: sourcing /opt/homebrew/Cellar/neovim/0.10.2_1/share/nvim/runtime/plugin/tohtml.lua
223.591  000.013  000.013: sourcing /opt/homebrew/Cellar/neovim/0.10.2_1/share/nvim/runtime/plugin/tutor.vim
223.924  000.083  000.083: sourcing /opt/homebrew/Cellar/neovim/0.10.2_1/share/nvim/runtime/plugin/zipPlugin.vim
225.762  000.231  000.231: require('cmp_nvim_lsp.source')
225.765  001.069  000.838: require('cmp_nvim_lsp')
225.771  001.277  000.208: sourcing /Users/brenden.croft/.local/share/nvim/lazy/cmp-nvim-lsp/after/plugin/cmp_nvim_lsp.lua
226.698  000.242  000.242: require('cmp_luasnip')
226.722  000.458  000.216: sourcing /Users/brenden.croft/.local/share/nvim/lazy/cmp_luasnip/after/plugin/cmp_luasnip.lua
226.778  222.036  043.251: sourcing /Users/brenden.croft/.config/nvim/init.lua
226.792  001.012: sourcing vimrc file(s)
227.381  000.200  000.200: sourcing /opt/homebrew/Cellar/neovim/0.10.2_1/share/nvim/runtime/filetype.lua
228.067  000.073  000.073: sourcing /opt/homebrew/Cellar/neovim/0.10.2_1/share/nvim/runtime/syntax/synload.vim
228.122  000.471  000.398: sourcing /opt/homebrew/Cellar/neovim/0.10.2_1/share/nvim/runtime/syntax/syntax.vim
228.134  000.672: inits 3
230.792  002.658: reading ShaDa
231.102  000.264  000.264: require('luasnip.loaders.from_lua')
231.356  000.251  000.251: require('luasnip.loaders.from_snipmate')
231.395  000.088: opening buffers
231.455  000.060: BufEnter autocommands
231.456  000.002: editing files in windows
237.401  000.288  000.288: require('vim.version')
238.488  006.744: VimEnter autocommands
238.624  000.136: UIEnter autocommands
239.240  000.104  000.104: sourcing /opt/homebrew/Cellar/neovim/0.10.2_1/share/nvim/runtime/autoload/provider/clipboard.vim
239.252  000.524: before starting main loop
239.591  000.339: first screen update
239.591  000.001: --- NVIM STARTED ---

