--- Startup times for process: Primary/TUI ---

times in msec
 clock   self+sourced   self:  sourced script
 clock   elapsed:              other lines

000.001  000.001: --- NVIM STARTING ---
000.066  000.065: event init
000.192  000.126: early init
001.473  001.281: locale set
001.509  000.036: init first window
007.003  005.494: inits 1
007.014  000.011: window checked
007.016  000.002: parsing arguments
007.354  000.025  000.025: require('vim.shared')
007.407  000.027  000.027: require('vim.inspect')
007.438  000.023  000.023: require('vim._options')
007.439  000.083  000.033: require('vim._editor')
007.440  000.148  000.040: require('vim._init_packages')
007.441  000.277: init lua interpreter
007.888  000.446: --- NVIM STARTED ---

--- Startup times for process: Embedded ---

times in msec
 clock   self+sourced   self:  sourced script
 clock   elapsed:              other lines

000.001  000.001: --- NVIM STARTING ---
000.069  000.069: event init
000.190  000.120: early init
000.548  000.358: locale set
000.571  000.024: init first window
000.798  000.226: inits 1
000.813  000.016: window checked
000.815  000.001: parsing arguments
001.148  000.025  000.025: require('vim.shared')
001.208  000.029  000.029: require('vim.inspect')
001.242  000.026  000.026: require('vim._options')
001.243  000.093  000.038: require('vim._editor')
001.244  000.156  000.038: require('vim._init_packages')
001.245  000.275: init lua interpreter
003.371  002.125: expanding arguments
003.388  000.017: inits 2
003.585  000.198: init highlight
003.586  000.001: waiting for UI
003.735  000.149: done waiting for UI
003.741  000.006: clear screen
003.804  000.008  000.008: require('vim.keymap')
004.341  000.595  000.586: require('vim._defaults')
004.343  000.007: init default mappings & autocommands
008.575  000.060  000.060: sourcing /opt/homebrew/Cellar/neovim/0.10.2_1/share/nvim/runtime/ftplugin.vim
011.186  000.051  000.051: sourcing /opt/homebrew/Cellar/neovim/0.10.2_1/share/nvim/runtime/indent.vim
016.700  003.335  003.335: require('vim-config')
021.810  005.108  005.108: require('lazy')
021.914  000.021  000.021: require('ffi')
022.044  000.089  000.089: require('vim.fs')
028.037  005.989  005.989: require('vim.uri')
028.057  006.140  000.062: require('vim.loader')
030.607  002.501  002.501: require('lazy.stats')
032.363  001.714  001.714: require('lazy.core.util')
034.243  001.878  001.878: require('lazy.core.config')
037.417  001.571  001.571: require('lazy.core.handler')
042.402  001.714  001.714: require('lazy.pkg')
042.408  003.431  001.717: require('lazy.core.meta')
042.412  004.993  001.562: require('lazy.core.plugin')
042.418  008.174  001.609: require('lazy.core.loader')
044.435  001.624  001.624: require('lazy.core.fragments')
070.615  001.686  001.686: require('lazy.core.handler.cmd')
072.262  001.642  001.642: require('lazy.core.handler.event')
073.837  001.547  001.547: require('lazy.core.handler.ft')
075.710  001.871  001.871: require('lazy.core.handler.keys')
076.473  000.443  000.443: sourcing /opt/homebrew/Cellar/neovim/0.10.2_1/share/nvim/runtime/filetype.lua
079.567  002.989  002.989: require('catppuccin')
083.022  001.802  001.802: require('catppuccin.lib.hashing')
089.702  003.329  003.329: sourcing /Users/brenden.croft/.local/share/nvim/lazy/catppuccin/colors/catppuccin.vim
094.950  002.810  002.810: require('vim.lsp.log')
098.075  003.118  003.118: require('vim.lsp.protocol')
101.892  001.960  001.960: require('vim.lsp._snippet_grammar')
103.640  001.745  001.745: require('vim.highlight')
103.645  000.004  000.004: require('vim.F')
103.658  005.580  001.872: require('vim.lsp.util')
107.152  001.724  001.724: require('vim.lsp.sync')
107.156  003.497  001.773: require('vim.lsp._changetracking')
108.877  001.718  001.718: require('vim.lsp.rpc')
108.939  019.215  002.493: require('vim.lsp')
110.811  001.859  001.859: require('vim.lsp.handlers')
116.509  000.105  000.105: require('mason-core.path')
116.786  000.171  000.171: require('mason-core.functional')
117.111  000.132  000.132: require('mason-core.functional.data')
117.122  000.319  000.188: require('mason-core.functional.function')
117.259  000.125  000.125: require('mason-core.functional.relation')
117.437  000.167  000.167: require('mason-core.functional.logic')
117.502  000.991  000.209: require('mason-core.platform')
117.661  000.158  000.158: require('mason.settings')
117.662  001.888  000.635: require('mason')
117.896  000.084  000.084: require('mason-core.functional.list')
118.008  000.110  000.110: require('mason-core.functional.string')
118.029  000.355  000.162: require('mason.api.command')
118.124  000.090  000.090: require('mason-registry.sources')
118.132  006.296  003.962: require('mason-core.functional')
118.229  000.096  000.096: require('mason-core.log')
118.303  000.073  000.073: require('mason-lspconfig.settings')
118.306  007.310  000.845: require('mason-lspconfig')
118.476  000.066  000.066: require('mason-lspconfig.notify')
118.478  000.146  000.080: require('mason-lspconfig.lspconfig_hook')
130.454  002.397  002.397: require('lspconfig.util')
130.472  004.098  001.701: sourcing /Users/brenden.croft/.local/share/nvim/lazy/nvim-lspconfig/plugin/lspconfig.lua
135.889  001.742  001.742: require('lspconfig.async')
135.891  003.545  001.803: require('lspconfig.configs')
135.897  005.384  001.838: require('lspconfig')
137.727  001.828  001.828: require('lspconfig.configs.lua_ls')
139.705  001.829  001.829: require('lspconfig.manager')
142.385  002.677  002.677: require('lspconfig.configs.ts_ls')
144.468  001.879  001.879: require('lspconfig.configs.eslint')
146.866  002.241  002.241: require('lspconfig.configs.jsonls')
149.147  002.200  002.200: require('lspconfig.configs.html')
151.438  002.136  002.136: require('lspconfig.configs.cssls')
153.403  001.868  001.868: require('lspconfig.configs.dotls')
155.452  001.958  001.958: require('lspconfig.configs.gopls')
157.522  002.017  002.017: require('lspconfig.configs.graphql')
159.661  002.025  002.025: require('lspconfig.configs.marksman')
162.277  002.526  002.526: require('lspconfig.configs.intelephense')
165.537  003.135  003.135: require('lspconfig.configs.pylsp')
167.829  002.153  002.153: require('lspconfig.configs.rust_analyzer')
170.438  002.544  002.544: require('lspconfig.configs.vuels')
172.442  001.928  001.928: require('lspconfig.configs.dockerls')
174.533  002.015  002.015: require('lspconfig.configs.docker_compose_language_service')
176.592  001.975  001.975: require('lspconfig.configs.bashls')
178.796  002.113  002.113: require('lspconfig.configs.sqlls')
180.987  002.107  002.107: require('vim.lsp.buf')
181.058  062.579  009.944: require('lspconfig.util')
181.372  000.147  000.147: require('mason-core.functional.table')
181.407  000.347  000.200: require('mason-lspconfig.mappings.server')
181.684  000.146  000.146: require('mason-core.EventEmitter')
181.795  000.109  000.109: require('mason-core.optional')
182.057  000.148  000.148: require('mason-core.async')
182.148  000.089  000.089: require('mason-core.async.uv')
182.156  000.360  000.123: require('mason-core.fs')
182.179  000.770  000.155: require('mason-registry')
182.280  000.098  000.098: require('mason-lspconfig.server_config_extensions')
182.403  000.122  000.122: require('lspconfig.configs.omnisharp')
182.593  000.169  000.169: require('mason-lspconfig.ensure_installed')
182.824  000.118  000.118: require('mason-core.result')
183.347  000.293  000.293: require('mason-core.process')
183.786  000.437  000.437: require('mason-core.spawn')
183.796  000.866  000.136: require('mason-core.managers.powershell')
183.964  000.167  000.167: require('mason.version')
183.966  001.141  000.108: require('mason-core.fetch')
184.125  000.157  000.157: require('mason-core.providers')
184.566  000.171  000.171: require('mason-core.purl')
184.576  000.340  000.168: require('mason-core.package')
184.929  000.095  000.095: require('mason-core.installer.registry.expr')
184.936  000.201  000.106: require('mason-core.installer.registry.link')
185.532  000.091  000.091: require('mason-core.receipt')
185.550  000.207  000.117: require('mason-core.installer.context')
185.641  000.090  000.090: require('mason-core.async.control')
185.735  000.092  000.092: require('mason-core.installer.linker')
185.739  000.497  000.107: require('mason-core.installer')
185.750  000.664  000.167: require('mason-core.installer.managers.std')
185.752  000.815  000.151: require('mason-core.installer.registry.schemas')
185.839  000.085  000.085: require('mason-core.installer.registry.util')
185.846  001.268  000.167: require('mason-core.installer.registry')
185.848  001.722  000.114: require('mason-registry.sources.util')
185.856  003.255  000.117: require('mason-registry.sources.github')
191.066  000.074  000.074: require('mason-core.functional.number')
191.080  000.177  000.103: require('mason-lspconfig.api.command')
193.166  000.875  000.875: require('vim.filetype')
194.467  000.081  000.081: require('luasnip.util.types')
194.470  000.219  000.138: require('luasnip.util.ext_opts')
194.731  000.076  000.076: require('luasnip.util.lazy_table')
194.830  000.097  000.097: require('luasnip.extras.filetype_functions')
194.837  000.274  000.100: require('luasnip.default_config')
194.839  000.368  000.094: require('luasnip.session')
194.841  001.166  000.579: require('luasnip.config')
195.166  000.193  000.193: require('luasnip.util.util')
195.379  000.103  000.103: require('luasnip.nodes.key_indexer')
195.470  000.090  000.090: require('luasnip.util.feedkeys')
195.479  000.311  000.119: require('luasnip.nodes.util')
195.699  000.110  000.110: require('luasnip.session.snippet_collection.source')
195.878  000.177  000.177: require('luasnip.util.table')
195.962  000.083  000.083: require('luasnip.util.auto_table')
195.975  000.495  000.125: require('luasnip.session.snippet_collection')
196.266  000.099  000.099: require('luasnip.util.select')
196.346  000.079  000.079: require('luasnip.util.time')
196.609  000.544  000.366: require('luasnip.util._builtin_vars')
196.726  000.750  000.206: require('luasnip.util.environ')
196.809  000.082  000.082: require('luasnip.util.extend_decorator')
197.041  000.124  000.124: require('luasnip.util.path')
197.272  000.134  000.134: require('luasnip.util.log')
197.278  000.236  000.102: require('luasnip.loaders.util')
197.355  000.076  000.076: require('luasnip.loaders.data')
197.493  000.137  000.137: require('luasnip.loaders.fs_watchers')
197.497  000.688  000.115: require('luasnip.loaders')
197.513  002.669  000.150: require('luasnip')
197.529  005.299  000.589: sourcing /Users/brenden.croft/.local/share/nvim/lazy/LuaSnip/plugin/luasnip.lua
197.625  000.022  000.022: sourcing /Users/brenden.croft/.local/share/nvim/lazy/LuaSnip/plugin/luasnip.vim
201.551  000.027  000.027: sourcing /Users/brenden.croft/.local/share/nvim/lazy/plenary.nvim/plugin/plenary.vim
202.551  000.129  000.129: require('harpoon.utils')
202.556  000.222  000.093: require('harpoon.logger')
202.892  000.154  000.154: require('harpoon.autocmd')
202.897  000.249  000.095: require('harpoon.buffer')
203.028  000.129  000.129: require('harpoon.extensions')
203.033  000.477  000.098: require('harpoon.ui')
210.434  003.736  003.736: require('plenary.bit')
214.342  003.905  003.905: require('plenary.functional')
214.387  011.232  003.591: require('plenary.path')
214.395  011.361  000.128: require('harpoon.data')
214.493  000.097  000.097: require('harpoon.config')
214.583  000.089  000.089: require('harpoon.list')
216.387  014.791  002.546: require('harpoon')
235.093  004.001  004.001: require('nvim-treesitter.utils')
251.758  003.302  003.302: require('vim.treesitter.language')
255.019  003.259  003.259: require('vim.func')
257.198  002.176  002.176: require('vim.func._memoize')
257.211  012.134  003.397: require('vim.treesitter.query')
259.195  001.983  001.983: require('vim.treesitter._range')
259.206  017.494  003.376: require('vim.treesitter.languagetree')
259.212  020.870  003.376: require('vim.treesitter')
259.880  024.785  003.915: require('nvim-treesitter.parsers')
271.687  003.402  003.402: require('nvim-treesitter.compat')
278.903  003.384  003.384: require('nvim-treesitter.ts_utils')
278.908  007.219  003.835: require('nvim-treesitter.tsrange')
282.257  003.348  003.348: require('nvim-treesitter.caching')
282.267  017.947  003.978: require('nvim-treesitter.query')
282.280  020.283  002.336: require('nvim-treesitter.configs')
282.283  022.402  002.119: require('nvim-treesitter.info')
285.525  003.240  003.240: require('nvim-treesitter.shell_command_selectors')
285.595  058.093  003.666: require('nvim-treesitter.install')
289.188  003.592  003.592: require('nvim-treesitter.statusline')
292.512  003.322  003.322: require('nvim-treesitter.query_predicates')
292.515  067.805  002.798: require('nvim-treesitter')
292.973  071.280  003.475: sourcing /Users/brenden.croft/.local/share/nvim/lazy/nvim-treesitter/plugin/nvim-treesitter.lua
296.203  003.010  003.010: require('nvim-treesitter.highlight')
299.814  003.390  003.390: require('nvim-treesitter.indent')
304.764  000.042  000.042: sourcing /Users/brenden.croft/.local/share/nvim/lazy/nvim-web-devicons/plugin/nvim-web-devicons.vim
305.602  000.776  000.776: require('alpha')
305.836  000.232  000.232: require('alpha.themes.dashboard')
306.293  000.136  000.136: sourcing /Users/brenden.croft/.local/share/nvim/lazy/vim-commentary/plugin/commentary.vim
323.587  003.771  003.771: require('null-ls.utils.tbl_flatten')
323.620  008.071  004.300: require('null-ls.utils')
328.954  005.329  005.329: require('vim.diagnostic')
329.044  017.647  004.247: require('null-ls.config')
337.571  004.020  004.020: require('null-ls.helpers.cache')
341.835  004.261  004.261: require('null-ls.helpers.diagnostics')
345.489  003.652  003.652: require('null-ls.helpers.formatter_factory')
353.628  003.792  003.792: require('null-ls.logger')
357.799  004.167  004.167: require('null-ls.state')
357.818  012.325  004.366: require('null-ls.helpers.generator_factory')
365.687  003.796  003.796: require('null-ls.helpers.command_resolver')
365.693  007.872  004.076: require('null-ls.helpers.make_builtin')
370.779  005.084  005.084: require('null-ls.helpers.range_formatting_args_factory')
370.786  041.739  004.527: require('null-ls.helpers')
388.286  007.825  007.825: require('null-ls.methods')
388.308  012.758  004.933: require('null-ls.diagnostics')
388.325  017.536  004.778: require('null-ls.sources')
394.169  005.838  005.838: require('null-ls.builtins')
394.185  087.196  004.435: require('null-ls')
400.383  006.192  006.192: require('null-ls.builtins.formatting.stylua')
407.268  006.870  006.870: require('null-ls.builtins.formatting.prettier')
420.259  005.441  005.441: require('null-ls.loop')
420.320  010.437  004.996: require('null-ls.client')
436.177  004.441  004.441: sourcing /Users/brenden.croft/.local/share/nvim/lazy/telescope.nvim/plugin/telescope.lua
443.187  006.783  006.783: require('telescope.builtin')
451.321  003.781  003.781: require('telescope._extensions')
451.333  007.889  004.108: require('telescope')
455.161  003.818  003.818: require('telescope.themes')
470.311  008.229  008.229: require('plenary.strings')
475.643  005.318  005.318: require('telescope.deprecated')
486.787  002.545  002.545: require('plenary.log')
486.936  005.419  002.874: require('telescope.log')
492.796  001.836  001.836: require('plenary.compat')
492.813  004.033  002.197: require('plenary.job')
494.433  001.617  001.617: require('telescope.state')
494.455  007.516  001.867: require('telescope.utils')
494.475  018.825  005.890: require('telescope.sorters')
498.170  042.714  010.341: require('telescope.config')
503.454  003.722  003.722: require('telescope._extensions.ui-select')
516.826  002.015  002.015: require('plenary.tbl')
516.831  004.282  002.267: require('plenary.vararg.rotate')
516.832  006.078  001.796: require('plenary.vararg')
518.481  001.647  001.647: require('plenary.errors')
518.502  010.003  002.278: require('plenary.async.async')
525.639  001.747  001.747: require('plenary.async.structs')
525.678  003.581  001.834: require('plenary.async.control')
525.688  005.679  002.097: require('plenary.async.util')
525.693  007.187  001.508: require('plenary.async.tests')
525.697  019.706  002.516: require('plenary.async')
529.622  001.933  001.933: require('plenary.window.border')
532.072  002.442  002.442: require('plenary.window')
534.657  002.578  002.578: require('plenary.popup.utils')
534.671  008.970  002.017: require('plenary.popup')
540.883  002.852  002.852: require('telescope.pickers.scroller')
543.634  002.741  002.741: require('telescope.actions.state')
546.510  002.863  002.863: require('telescope.actions.utils')
552.235  002.887  002.887: require('telescope.actions.mt')
552.276  005.759  002.872: require('telescope.actions.set')
557.858  002.773  002.773: require('telescope.config.resolve')
557.867  005.587  002.814: require('telescope.pickers.entry_display')
560.457  002.586  002.586: require('telescope.from_entry')
562.057  027.378  004.992: require('telescope.actions')
565.349  003.148  003.148: require('telescope.debounce')
568.768  003.408  003.408: require('telescope.mappings')
571.727  002.946  002.946: require('telescope.pickers.highlights')
574.501  002.765  002.765: require('telescope.pickers.window')
580.353  002.890  002.890: require('telescope.algos.linked_list')
580.368  005.860  002.970: require('telescope.entry_manager')
583.479  003.105  003.105: require('telescope.pickers.multi')
583.533  080.067  002.781: require('telescope.pickers')
590.357  003.548  003.548: require('telescope.make_entry')
593.379  003.012  003.012: require('telescope.finders.async_static_finder')
603.481  003.464  003.464: require('plenary.class')
603.518  006.822  003.358: require('telescope._')
603.524  010.138  003.316: require('telescope.finders.async_oneshot_finder')
606.918  003.389  003.389: require('telescope.finders.async_job_finder')
606.926  023.388  003.301: require('telescope.finders')
609.912  002.950  002.950: require('vim.ui')
613.775  000.431  000.431: require('nvim-tree.log')
615.054  000.330  000.330: require('nvim-tree.notify')
615.063  000.792  000.462: require('nvim-tree.events')
615.763  000.333  000.333: require('nvim-tree.iterators.node-iterator')
615.822  000.757  000.423: require('nvim-tree.utils')
615.838  002.053  000.504: require('nvim-tree.view')
617.094  000.310  000.310: require('nvim-tree.core')
617.728  000.314  000.314: require('nvim-tree.git.utils')
618.035  000.305  000.305: require('nvim-tree.renderer.components.devicons')
618.620  000.287  000.287: require('nvim-tree.classic')
618.685  000.647  000.360: require('nvim-tree.node')
618.693  001.596  000.330: require('nvim-tree.node.directory')
618.696  002.214  000.309: require('nvim-tree.actions.finders.find-file')
618.995  000.297  000.297: require('nvim-tree.actions.finders.search-node')
618.998  002.833  000.322: require('nvim-tree.actions.finders')
620.045  000.393  000.393: require('nvim-tree.node.file')
620.051  000.742  000.349: require('nvim-tree.actions.fs.create-file')
620.791  000.346  000.346: require('nvim-tree.lib')
621.463  000.329  000.329: require('nvim-tree.node.link')
621.472  000.677  000.348: require('nvim-tree.node.directory-link')
621.476  001.423  000.400: require('nvim-tree.actions.fs.remove-file')
621.816  000.338  000.338: require('nvim-tree.actions.fs.rename-file')
622.154  000.335  000.335: require('nvim-tree.actions.fs.trash')
622.157  003.158  000.319: require('nvim-tree.actions.fs')
623.161  000.340  000.340: require('nvim-tree.diagnostics')
623.166  000.671  000.331: require('nvim-tree.actions.moves.item')
623.623  000.455  000.455: require('nvim-tree.actions.moves.parent')
623.956  000.330  000.330: require('nvim-tree.actions.moves.sibling')
623.959  001.800  000.343: require('nvim-tree.actions.moves')
624.620  000.337  000.337: require('nvim-tree.actions.node.file-popup')
624.995  000.373  000.373: require('nvim-tree.actions.node.open-file')
625.325  000.328  000.328: require('nvim-tree.actions.node.run-command')
625.662  000.334  000.334: require('nvim-tree.actions.node.system-open')
625.665  001.704  000.332: require('nvim-tree.actions.node')
626.343  000.343  000.343: require('nvim-tree.actions.root.change-dir')
626.677  000.332  000.332: require('nvim-tree.actions.root.dir-up')
626.680  001.013  000.338: require('nvim-tree.actions.root')
627.337  000.336  000.336: require('nvim-tree.actions.tree.find-file')
627.999  000.330  000.330: require('nvim-tree.actions.tree.modifiers.collapse-all')
628.345  000.344  000.344: require('nvim-tree.actions.tree.modifiers.expand-all')
628.350  001.011  000.337: require('nvim-tree.actions.tree.modifiers')
628.694  000.341  000.341: require('nvim-tree.actions.tree.open')
629.034  000.338  000.338: require('nvim-tree.actions.tree.toggle')
629.382  000.344  000.344: require('nvim-tree.actions.tree.resize')
629.385  002.703  000.333: require('nvim-tree.actions.tree')
629.387  013.547  000.336: require('nvim-tree.actions')
629.428  019.171  003.139: require('nvim-tree')
629.860  000.357  000.357: require('nvim-tree.legacy')
630.979  000.389  000.389: require('nvim-tree.keymap')
631.367  000.384  000.384: require('nvim-tree.appearance')
632.650  000.340  000.340: require('nvim-tree.buffers')
633.372  000.353  000.353: require('nvim-tree.git.runner')
633.752  000.378  000.378: require('nvim-tree.watcher')
633.760  001.108  000.377: require('nvim-tree.git')
634.434  000.342  000.342: require('nvim-tree.node.file-link')
634.439  000.677  000.335: require('nvim-tree.node.factory')
634.940  000.500  000.500: require('nvim-tree.node.root')
635.801  000.412  000.412: require('nvim-tree.enum')
635.863  000.918  000.507: require('nvim-tree.explorer.filters')
636.251  000.385  000.385: require('nvim-tree.marks')
636.629  000.377  000.377: require('nvim-tree.explorer.live-filter')
636.964  000.333  000.333: require('nvim-tree.explorer.sorter')
637.332  000.365  000.365: require('nvim-tree.actions.fs.clipboard')
638.598  000.326  000.326: require('nvim-tree.renderer.decorator')
638.603  000.630  000.304: require('nvim-tree.renderer.decorator.bookmarks')
638.924  000.319  000.319: require('nvim-tree.renderer.decorator.copied')
639.219  000.292  000.292: require('nvim-tree.renderer.decorator.cut')
639.536  000.316  000.316: require('nvim-tree.renderer.decorator.diagnostics')
639.875  000.338  000.338: require('nvim-tree.renderer.decorator.git')
640.186  000.308  000.308: require('nvim-tree.renderer.decorator.modified')
640.483  000.295  000.295: require('nvim-tree.renderer.decorator.hidden')
640.801  000.317  000.317: require('nvim-tree.renderer.decorator.opened')
641.102  000.298  000.298: require('nvim-tree.renderer.components.padding')
641.108  003.453  000.340: require('nvim-tree.renderer.builder')
641.115  003.781  000.328: require('nvim-tree.renderer')
641.123  009.237  000.454: require('nvim-tree.explorer')
641.430  000.305  000.305: require('nvim-tree.explorer.watch')
642.016  000.272  000.272: require('nvim-tree.renderer.components.full-name')
642.018  000.578  000.306: require('nvim-tree.renderer.components')
643.951  001.556  001.556: require('nvim-web-devicons.icons-default')
644.219  002.199  000.643: require('nvim-web-devicons')
667.267  000.509  000.509: require('nvim-tree.help')
667.865  000.296  000.296: require('nvim-tree.appearance.hi-test')
667.944  000.675  000.379: require('nvim-tree.api')
668.242  000.277  000.277: require('nvim-tree.commands')
669.257  000.591  000.591: require('cmp.utils.api')
669.431  000.086  000.086: require('cmp.types.cmp')
669.628  000.104  000.104: require('cmp.utils.misc')
669.660  000.227  000.123: require('cmp.types.lsp')
669.737  000.076  000.076: require('cmp.types.vim')
669.738  000.480  000.091: require('cmp.types')
669.822  000.083  000.083: require('cmp.utils.highlight')
669.981  000.077  000.077: require('cmp.utils.debug')
669.985  000.161  000.085: require('cmp.utils.autocmd')
670.172  001.575  000.259: sourcing /Users/brenden.croft/.local/share/nvim/lazy/nvim-cmp/plugin/cmp.lua
670.644  000.099  000.099: require('cmp.utils.char')
670.649  000.203  000.105: require('cmp.utils.str')
670.914  000.083  000.083: require('cmp.utils.buffer')
670.921  000.193  000.109: require('cmp.utils.keymap')
670.922  000.272  000.080: require('cmp.utils.feedkeys')
671.238  000.113  000.113: require('cmp.config.mapping')
671.319  000.080  000.080: require('cmp.utils.cache')
671.506  000.101  000.101: require('cmp.config.compare')
671.508  000.186  000.085: require('cmp.config.default')
671.523  000.513  000.134: require('cmp.config')
671.536  000.612  000.099: require('cmp.utils.async')
671.697  000.078  000.078: require('cmp.utils.pattern')
671.700  000.163  000.085: require('cmp.context')
672.105  000.178  000.178: require('cmp.utils.snippet')
672.200  000.094  000.094: require('cmp.matcher')
672.210  000.407  000.136: require('cmp.entry')
672.216  000.515  000.108: require('cmp.source')
672.385  000.084  000.084: require('cmp.utils.event')
672.899  000.175  000.175: require('cmp.utils.options')
672.907  000.379  000.204: require('cmp.utils.window')
672.908  000.522  000.143: require('cmp.view.docs_view')
673.234  000.283  000.283: require('cmp.view.custom_entries_view')
673.506  000.271  000.271: require('cmp.view.wildmenu_entries_view')
673.698  000.191  000.191: require('cmp.view.native_entries_view')
673.893  000.195  000.195: require('cmp.view.ghost_text_view')
673.901  001.684  000.139: require('cmp.view')
674.666  004.365  000.914: require('cmp.core')
674.993  000.157  000.157: require('cmp.config.sources')
675.139  000.145  000.145: require('cmp.config.window')
675.186  004.992  000.325: require('cmp')
675.555  000.178  000.178: require('luasnip.session.enqueueable_operations')
675.960  000.065  000.065: require('luasnip.util.events')
675.968  000.157  000.091: require('luasnip.nodes.node')
676.105  000.136  000.136: require('luasnip.nodes.insertNode')
676.184  000.078  000.078: require('luasnip.nodes.textNode')
676.261  000.076  000.076: require('luasnip.util.mark')
676.333  000.071  000.071: require('luasnip.util.pattern_tokenizer')
676.398  000.064  000.064: require('luasnip.util.dict')
677.524  001.055  001.055: require('luasnip.util.jsregexp')
677.527  001.127  000.073: require('luasnip.nodes.util.trig_engines')
677.551  001.850  000.141: require('luasnip.nodes.snippet')
677.784  000.072  000.072: require('luasnip.util.parser.neovim_ast')
677.855  000.070  000.070: require('luasnip.util.str')
678.457  000.599  000.599: require('luasnip.util.jsregexp')
678.541  000.083  000.083: require('luasnip.util.directed_graph')
678.545  000.906  000.082: require('luasnip.util.parser.ast_utils')
678.632  000.086  000.086: require('luasnip.nodes.functionNode')
678.724  000.092  000.092: require('luasnip.nodes.choiceNode')
678.812  000.087  000.087: require('luasnip.nodes.dynamicNode')
678.881  000.068  000.068: require('luasnip.util.functions')
678.885  001.333  000.095: require('luasnip.util.parser.ast_parser')
679.015  000.129  000.129: require('luasnip.util.parser.neovim_parser')
679.019  003.463  000.151: require('luasnip.util.parser')
679.094  000.073  000.073: require('luasnip.nodes.snippetProxy')
679.209  000.113  000.113: require('luasnip.util.jsonc')
679.331  000.059  000.059: require('luasnip.nodes.duplicate')
679.332  000.122  000.063: require('luasnip.loaders.snippet_cache')
679.337  004.149  000.200: require('luasnip.loaders.from_vscode')
685.514  000.082  000.082: require('luasnip.nodes.multiSnippet')
688.710  000.622  000.622: sourcing /Users/brenden.croft/.local/share/nvim/lazy/vim-fugitive/plugin/fugitive.vim
689.235  000.008  000.008: sourcing /Users/brenden.croft/.local/share/nvim/lazy/vim-fugitive/ftdetect/fugitive.vim
701.398  004.848  004.848: require('lualine_require')
720.253  030.396  025.548: require('lualine')
757.351  001.738  001.738: require('lualine.utils.mode')
806.801  002.232  002.232: require('gitsigns.async')
809.044  002.239  002.239: require('gitsigns.debug.log')
811.284  002.237  002.237: require('gitsigns.config')
811.288  009.725  003.016: require('gitsigns')
813.803  002.380  002.380: require('gitsigns.highlight')
816.606  002.430  002.430: require('gitsigns.debounce')
817.126  000.085  000.085: sourcing /opt/homebrew/Cellar/neovim/0.10.2_1/share/nvim/runtime/plugin/editorconfig.lua
817.400  000.165  000.165: sourcing /opt/homebrew/Cellar/neovim/0.10.2_1/share/nvim/runtime/plugin/gzip.vim
817.594  000.088  000.088: sourcing /opt/homebrew/Cellar/neovim/0.10.2_1/share/nvim/runtime/plugin/man.lua
819.890  000.203  000.203: sourcing /opt/homebrew/Cellar/neovim/0.10.2_1/share/nvim/runtime/pack/dist/opt/matchit/plugin/matchit.vim
819.922  002.224  002.021: sourcing /opt/homebrew/Cellar/neovim/0.10.2_1/share/nvim/runtime/plugin/matchit.vim
820.204  000.176  000.176: sourcing /opt/homebrew/Cellar/neovim/0.10.2_1/share/nvim/runtime/plugin/matchparen.vim
820.571  000.261  000.261: sourcing /opt/homebrew/Cellar/neovim/0.10.2_1/share/nvim/runtime/plugin/netrwPlugin.vim
820.746  000.073  000.073: sourcing /opt/homebrew/Cellar/neovim/0.10.2_1/share/nvim/runtime/plugin/osc52.lua
820.988  000.144  000.144: sourcing /opt/homebrew/Cellar/neovim/0.10.2_1/share/nvim/runtime/plugin/rplugin.vim
821.143  000.056  000.056: sourcing /opt/homebrew/Cellar/neovim/0.10.2_1/share/nvim/runtime/plugin/shada.vim
821.258  000.016  000.016: sourcing /opt/homebrew/Cellar/neovim/0.10.2_1/share/nvim/runtime/plugin/spellfile.vim
821.433  000.077  000.077: sourcing /opt/homebrew/Cellar/neovim/0.10.2_1/share/nvim/runtime/plugin/tarPlugin.vim
821.598  000.067  000.067: sourcing /opt/homebrew/Cellar/neovim/0.10.2_1/share/nvim/runtime/plugin/tohtml.lua
821.712  000.015  000.015: sourcing /opt/homebrew/Cellar/neovim/0.10.2_1/share/nvim/runtime/plugin/tutor.vim
821.920  000.110  000.110: sourcing /opt/homebrew/Cellar/neovim/0.10.2_1/share/nvim/runtime/plugin/zipPlugin.vim
822.680  000.175  000.175: require('cmp_nvim_lsp.source')
822.683  000.307  000.131: require('cmp_nvim_lsp')
822.694  000.384  000.078: sourcing /Users/brenden.croft/.local/share/nvim/lazy/cmp-nvim-lsp/after/plugin/cmp_nvim_lsp.lua
823.102  000.118  000.118: require('cmp_luasnip')
823.135  000.216  000.098: sourcing /Users/brenden.croft/.local/share/nvim/lazy/cmp_luasnip/after/plugin/cmp_luasnip.lua
823.195  809.970  186.313: sourcing /Users/brenden.croft/.config/nvim/init.lua
823.219  008.796: sourcing vimrc file(s)
824.253  000.056  000.056: sourcing /opt/homebrew/Cellar/neovim/0.10.2_1/share/nvim/runtime/filetype.lua
824.759  000.082  000.082: sourcing /opt/homebrew/Cellar/neovim/0.10.2_1/share/nvim/runtime/syntax/synload.vim
824.836  000.409  000.327: sourcing /opt/homebrew/Cellar/neovim/0.10.2_1/share/nvim/runtime/syntax/syntax.vim
824.850  001.166: inits 3
829.039  004.190: reading ShaDa
829.340  000.161  000.161: require('luasnip.loaders.from_lua')
829.478  000.134  000.134: require('luasnip.loaders.from_snipmate')
829.563  000.228: opening buffers
829.632  000.069: BufEnter autocommands
829.634  000.002: editing files in windows
835.404  000.141  000.141: require('vim.version')
836.867  007.092: VimEnter autocommands
836.988  000.122: UIEnter autocommands
837.354  000.132  000.132: sourcing /opt/homebrew/Cellar/neovim/0.10.2_1/share/nvim/runtime/autoload/provider/clipboard.vim
837.365  000.245: before starting main loop
837.772  000.406: first screen update
837.773  000.001: --- NVIM STARTED ---

